Call API 
{
    "header": {
        "resultCode": 0,
        "resultMessage": "success",
        "isSuccessful": true
    },
    "message": {
        "requestId": "20240803193008Ve1Cp2X3ZG0",
        "senderGroupingKey": null,
        "sendResults": [
            {
                "recipientSeq": 1,
                "recipientNo": "821041088416",
                "resultCode": -3004,
                "resultMessage": "Please check template parameter.",
                "recipientGroupingKey": null
            }
        ]
    }
} - 2024-08-03 10:30:07

Call API 
{
    "header": {
        "resultCode": 0,
        "resultMessage": "success",
        "isSuccessful": true
    },
    "message": {
        "requestId": "20240803193128KDYIwzlCSt0",
        "senderGroupingKey": null,
        "sendResults": [
            {
                "recipientSeq": 1,
                "recipientNo": "821041088416",
                "resultCode": 0,
                "resultMessage": "SUCCESS",
                "recipientGroupingKey": null
            }
        ]
    }
} - 2024-08-03 10:31:28

